1619596320270	geckodriver	INFO	Listening on 127.0.0.1:65117
1619596323276	mozrunner::runner	INFO	Running command: "C:\\Program Files\\Mozilla Firefox\\firefox.exe" "--marionette" "-foreground" "-no-remote" "-profile" "C:\\Users\\deepa\\AppData\\Local\\Temp\\rust_mozprofileNNe2y8"
1619596323721	Marionette	INFO	Marionette enabled
console.warn: SearchSettings: "get: No settings file exists, new profile?" (new Error("", "(unknown module)"))
1619596326599	Marionette	INFO	Listening on port 65128
1619596327062	Marionette	WARN	TLS certificate errors will be ignored for this session
JavaScript warning: https://web.whatsapp.com/bootstrap_qr.df9188bb4cd23ee53e79.js, line 1: unreachable code after return statement
JavaScript warning: https://web.whatsapp.com/bootstrap_qr.df9188bb4cd23ee53e79.js, line 1: unreachable code after return statement
1619596339182	Marionette	INFO	Stopped listening on port 65128
JavaScript error: , line 0: NetworkError: FetchEvent.respondWith() Promise rejected
JavaScript error: , line 0: NetworkError: FetchEvent.respondWith() Promise rejected
JavaScript error: , line 0: NetworkError: FetchEvent.respondWith() Promise rejected
[Parent 2140, IPC I/O Parent] WARNING: pipe error: 232: file /builds/worker/checkouts/gecko/ipc/chromium/src/chrome/common/ipc_channel_win.cc:544

###!!! [Child][RunMessage] Error: Channel closing: too late to send/recv, messages will be lost

1619596445849	geckodriver	INFO	Listening on 127.0.0.1:65348
1619596448873	mozrunner::runner	INFO	Running command: "C:\\Program Files\\Mozilla Firefox\\firefox.exe" "--marionette" "-foreground" "-no-remote" "-profile" "C:\\Users\\deepa\\AppData\\Local\\Temp\\rust_mozprofilezjdrLi"
1619596449195	Marionette	INFO	Marionette enabled
console.warn: SearchSettings: "get: No settings file exists, new profile?" (new Error("", "(unknown module)"))
1619596450774	Marionette	INFO	Listening on port 65358
1619596450890	Marionette	WARN	TLS certificate errors will be ignored for this session
JavaScript warning: https://web.whatsapp.com/bootstrap_qr.df9188bb4cd23ee53e79.js, line 1: unreachable code after return statement
JavaScript warning: https://web.whatsapp.com/bootstrap_qr.df9188bb4cd23ee53e79.js, line 1: unreachable code after return statement
1619596461504	Marionette	INFO	Stopped listening on port 65358

###!!! [Child][RunMessage] Error: Channel closing: too late to send/recv, messages will be lost

1619596562795	geckodriver	INFO	Listening on 127.0.0.1:49197
1619596565802	mozrunner::runner	INFO	Running command: "C:\\Program Files\\Mozilla Firefox\\firefox.exe" "--marionette" "-foreground" "-no-remote" "-profile" "C:\\Users\\deepa\\AppData\\Local\\Temp\\rust_mozprofileM2BouL"
1619596566118	Marionette	INFO	Marionette enabled
console.warn: SearchSettings: "get: No settings file exists, new profile?" (new Error("", "(unknown module)"))
1619596567732	Marionette	INFO	Listening on port 49207
1619596567822	Marionette	WARN	TLS certificate errors will be ignored for this session
JavaScript warning: https://web.whatsapp.com/bootstrap_qr.df9188bb4cd23ee53e79.js, line 1: unreachable code after return statement
JavaScript warning: https://web.whatsapp.com/bootstrap_qr.df9188bb4cd23ee53e79.js, line 1: unreachable code after return statement
1619596577516	Marionette	INFO	Stopped listening on port 49207

###!!! [Parent][MessageChannel] Error: (msgtype=0x690008,name=PMessagePort::Msg___delete__) Channel closing: too late to send/recv, messages will be lost


###!!! [Parent][RunMessage] Error: Channel closing: too late to send/recv, messages will be lost


###!!! [Child][RunMessage] Error: Channel closing: too late to send/recv, messages will be lost

1619596654777	geckodriver	INFO	Listening on 127.0.0.1:49741
1619596657772	mozrunner::runner	INFO	Running command: "C:\\Program Files\\Mozilla Firefox\\firefox.exe" "--marionette" "-foreground" "-no-remote" "-profile" "C:\\Users\\deepa\\AppData\\Local\\Temp\\rust_mozprofilebeNUz9"
1619596658097	Marionette	INFO	Marionette enabled
console.warn: SearchSettings: "get: No settings file exists, new profile?" (new Error("", "(unknown module)"))
1619596659583	Marionette	INFO	Listening on port 49753
1619596659790	Marionette	WARN	TLS certificate errors will be ignored for this session
JavaScript warning: https://web.whatsapp.com/bootstrap_qr.df9188bb4cd23ee53e79.js, line 1: unreachable code after return statement
JavaScript warning: https://web.whatsapp.com/bootstrap_qr.df9188bb4cd23ee53e79.js, line 1: unreachable code after return statement
1619596669483	Marionette	INFO	Stopped listening on port 49753

###!!! [Child][RunMessage] Error: Channel closing: too late to send/recv, messages will be lost

1619597562557	geckodriver	INFO	Listening on 127.0.0.1:51387
1619597565562	mozrunner::runner	INFO	Running command: "C:\\Program Files\\Mozilla Firefox\\firefox.exe" "--marionette" "-foreground" "-no-remote" "-profile" "C:\\Users\\deepa\\AppData\\Local\\Temp\\rust_mozprofile1SdqZS"
1619597565907	Marionette	INFO	Marionette enabled
console.warn: SearchSettings: "get: No settings file exists, new profile?" (new Error("", "(unknown module)"))
1619597567932	Marionette	INFO	Listening on port 51396
1619597568182	Marionette	WARN	TLS certificate errors will be ignored for this session
JavaScript warning: https://web.whatsapp.com/bootstrap_qr.df9188bb4cd23ee53e79.js, line 1: unreachable code after return statement
JavaScript warning: https://web.whatsapp.com/bootstrap_qr.df9188bb4cd23ee53e79.js, line 1: unreachable code after return statement
1619597579543	Marionette	INFO	Stopped listening on port 51396

###!!! [Child][RunMessage] Error: Channel closing: too late to send/recv, messages will be lost

1619598188703	geckodriver	INFO	Listening on 127.0.0.1:52482
1619598191710	mozrunner::runner	INFO	Running command: "C:\\Program Files\\Mozilla Firefox\\firefox.exe" "--marionette" "-foreground" "-no-remote" "-profile" "C:\\Users\\deepa\\AppData\\Local\\Temp\\rust_mozprofile8T9tZn"
1619598192027	Marionette	INFO	Marionette enabled
console.warn: SearchSettings: "get: No settings file exists, new profile?" (new Error("", "(unknown module)"))
1619598193673	Marionette	INFO	Listening on port 52492
1619598193728	Marionette	WARN	TLS certificate errors will be ignored for this session
JavaScript warning: https://web.whatsapp.com/bootstrap_qr.df9188bb4cd23ee53e79.js, line 1: unreachable code after return statement
JavaScript warning: https://web.whatsapp.com/bootstrap_qr.df9188bb4cd23ee53e79.js, line 1: unreachable code after return statement
1619598207222	Marionette	INFO	Stopped listening on port 52492

###!!! [Parent][RunMessage] Error: Channel closing: too late to send/recv, messages will be lost


###!!! [Parent][RunMessage] Error: Channel closing: too late to send/recv, messages will be lost


###!!! [Parent][RunMessage] Error: Channel closing: too late to send/recv, messages will be lost


###!!! [Parent][RunMessage] Error: Channel closing: too late to send/recv, messages will be lost


###!!! [Parent][RunMessage] Error: Channel closing: too late to send/recv, messages will be lost


###!!! [Parent][RunMessage] Error: Channel closing: too late to send/recv, messages will be lost


###!!! [Parent][RunMessage] Error: Channel closing: too late to send/recv, messages will be lost


###!!! [Parent][RunMessage] Error: Channel closing: too late to send/recv, messages will be lost

[Parent 22016, IPC I/O Parent] WARNING: pipe error: 232: file /builds/worker/checkouts/gecko/ipc/chromium/src/chrome/common/ipc_channel_win.cc:544

###!!! [Child][RunMessage] Error: Channel closing: too late to send/recv, messages will be lost

